<?xml version="1.0" encoding="UTF-8"?>
<coverage generated="1677674172774" clover="3.2.0">
  <project timestamp="1677674172774" name="All files">
    <metrics statements="34" coveredstatements="30" conditionals="27" coveredconditionals="18" methods="3" coveredmethods="3" elements="64" coveredelements="51" complexity="0" loc="34" ncloc="34" packages="1" files="1" classes="1"/>
    <file name="Amar.js" path="C:\Users\HP\Amar_Assesment\Amar.js">
      <metrics statements="34" coveredstatements="30" conditionals="27" coveredconditionals="18" methods="3" coveredmethods="3"/>
      <line num="1" count="1" type="stmt"/>
      <line num="2" count="1" type="stmt"/>
      <line num="3" count="1" type="stmt"/>
      <line num="4" count="1" type="stmt"/>
      <line num="6" count="1" type="stmt"/>
      <line num="49" count="1" type="cond" truecount="0" falsecount="3"/>
      <line num="50" count="3" type="stmt"/>
      <line num="51" count="3" type="cond" truecount="4" falsecount="0"/>
      <line num="52" count="1" type="stmt"/>
      <line num="53" count="2" type="cond" truecount="4" falsecount="0"/>
      <line num="54" count="1" type="stmt"/>
      <line num="56" count="3" type="stmt"/>
      <line num="71" count="1" type="cond" truecount="1" falsecount="3"/>
      <line num="73" count="3" type="cond" truecount="2" falsecount="0"/>
      <line num="74" count="2" type="stmt"/>
      <line num="75" count="1" type="cond" truecount="1" falsecount="1"/>
      <line num="76" count="1" type="stmt"/>
      <line num="78" count="0" type="stmt"/>
      <line num="79" count="0" type="stmt"/>
      <line num="81" count="3" type="stmt"/>
      <line num="97" count="1" type="stmt"/>
      <line num="98" count="3" type="stmt"/>
      <line num="104" count="3" type="stmt"/>
      <line num="106" count="3" type="cond" truecount="3" falsecount="1"/>
      <line num="107" count="0" type="stmt"/>
      <line num="108" count="0" type="stmt"/>
      <line num="109" count="3" type="cond" truecount="1" falsecount="1"/>
      <line num="110" count="3" type="cond" truecount="2" falsecount="0"/>
      <line num="111" count="1" type="stmt"/>
      <line num="112" count="1" type="stmt"/>
      <line num="114" count="2" type="stmt"/>
      <line num="115" count="2" type="stmt"/>
      <line num="118" count="3" type="stmt"/>
      <line num="125" count="1" type="stmt"/>
    </file>
  </project>
</coverage>
