{"C:\\Users\\HP\\Amar_Assesment\\Amar.js": {"path":"C:\\Users\\HP\\Amar_Assesment\\Amar.js","statementMap":{"0":{"start":{"line":1,"column":26},"end":{"line":1,"column":34}},"1":{"start":{"line":2,"column":26},"end":{"line":2,"column":33}},"2":{"start":{"line":3,"column":38},"end":{"line":3,"column":45}},"3":{"start":{"line":4,"column":38},"end":{"line":4,"column":49}},"4":{"start":{"line":6,"column":17},"end":{"line":40,"column":1}},"5":{"start":{"line":49,"column":27},"end":{"line":60,"column":1}},"6":{"start":{"line":50,"column":15},"end":{"line":50,"column":21}},"7":{"start":{"line":51,"column":2},"end":{"line":55,"column":3}},"8":{"start":{"line":52,"column":4},"end":{"line":52,"column":40}},"9":{"start":{"line":53,"column":9},"end":{"line":55,"column":3}},"10":{"start":{"line":54,"column":4},"end":{"line":54,"column":40}},"11":{"start":{"line":56,"column":2},"end":{"line":59,"column":4}},"12":{"start":{"line":71,"column":27},"end":{"line":85,"column":1}},"13":{"start":{"line":73,"column":2},"end":{"line":80,"column":3}},"14":{"start":{"line":74,"column":4},"end":{"line":74,"column":64}},"15":{"start":{"line":75,"column":9},"end":{"line":80,"column":3}},"16":{"start":{"line":76,"column":4},"end":{"line":76,"column":48}},"17":{"start":{"line":78,"column":32},"end":{"line":78,"column":58}},"18":{"start":{"line":79,"column":4},"end":{"line":79,"column":65}},"19":{"start":{"line":81,"column":2},"end":{"line":84,"column":4}},"20":{"start":{"line":97,"column":23},"end":{"line":123,"column":1}},"21":{"start":{"line":98,"column":25},"end":{"line":103,"column":3}},"22":{"start":{"line":104,"column":27},"end":{"line":104,"column":49}},"23":{"start":{"line":106,"column":2},"end":{"line":117,"column":3}},"24":{"start":{"line":107,"column":4},"end":{"line":107,"column":50}},"25":{"start":{"line":108,"column":4},"end":{"line":108,"column":49}},"26":{"start":{"line":109,"column":9},"end":{"line":117,"column":3}},"27":{"start":{"line":110,"column":4},"end":{"line":116,"column":5}},"28":{"start":{"line":111,"column":6},"end":{"line":111,"column":94}},"29":{"start":{"line":112,"column":6},"end":{"line":112,"column":92}},"30":{"start":{"line":114,"column":6},"end":{"line":114,"column":70}},"31":{"start":{"line":115,"column":6},"end":{"line":115,"column":69}},"32":{"start":{"line":118,"column":2},"end":{"line":122,"column":4}},"33":{"start":{"line":125,"column":0},"end":{"line":129,"column":2}}},"fnMap":{"0":{"name":"(anonymous_0)","decl":{"start":{"line":49,"column":27},"end":{"line":49,"column":28}},"loc":{"start":{"line":49,"column":81},"end":{"line":60,"column":1}},"line":49},"1":{"name":"(anonymous_1)","decl":{"start":{"line":71,"column":27},"end":{"line":71,"column":28}},"loc":{"start":{"line":71,"column":103},"end":{"line":85,"column":1}},"line":71},"2":{"name":"(anonymous_2)","decl":{"start":{"line":97,"column":23},"end":{"line":97,"column":24}},"loc":{"start":{"line":97,"column":53},"end":{"line":123,"column":1}},"line":97}},"branchMap":{"0":{"loc":{"start":{"line":49,"column":28},"end":{"line":49,"column":44}},"type":"default-arg","locations":[{"start":{"line":49,"column":37},"end":{"line":49,"column":44}}],"line":49},"1":{"loc":{"start":{"line":49,"column":46},"end":{"line":49,"column":63}},"type":"default-arg","locations":[{"start":{"line":49,"column":55},"end":{"line":49,"column":63}}],"line":49},"2":{"loc":{"start":{"line":49,"column":65},"end":{"line":49,"column":76}},"type":"default-arg","locations":[{"start":{"line":49,"column":74},"end":{"line":49,"column":76}}],"line":49},"3":{"loc":{"start":{"line":51,"column":2},"end":{"line":55,"column":3}},"type":"if","locations":[{"start":{"line":51,"column":2},"end":{"line":55,"column":3}},{"start":{"line":53,"column":9},"end":{"line":55,"column":3}}],"line":51},"4":{"loc":{"start":{"line":51,"column":6},"end":{"line":51,"column":78}},"type":"binary-expr","locations":[{"start":{"line":51,"column":6},"end":{"line":51,"column":55}},{"start":{"line":51,"column":59},"end":{"line":51,"column":78}}],"line":51},"5":{"loc":{"start":{"line":53,"column":9},"end":{"line":55,"column":3}},"type":"if","locations":[{"start":{"line":53,"column":9},"end":{"line":55,"column":3}},{"start":{},"end":{}}],"line":53},"6":{"loc":{"start":{"line":53,"column":13},"end":{"line":53,"column":54}},"type":"binary-expr","locations":[{"start":{"line":53,"column":13},"end":{"line":53,"column":32}},{"start":{"line":53,"column":36},"end":{"line":53,"column":54}}],"line":53},"7":{"loc":{"start":{"line":71,"column":28},"end":{"line":71,"column":44}},"type":"default-arg","locations":[{"start":{"line":71,"column":36},"end":{"line":71,"column":44}}],"line":71},"8":{"loc":{"start":{"line":71,"column":46},"end":{"line":71,"column":54}},"type":"default-arg","locations":[{"start":{"line":71,"column":53},"end":{"line":71,"column":54}}],"line":71},"9":{"loc":{"start":{"line":71,"column":56},"end":{"line":71,"column":76}},"type":"default-arg","locations":[{"start":{"line":71,"column":71},"end":{"line":71,"column":76}}],"line":71},"10":{"loc":{"start":{"line":71,"column":78},"end":{"line":71,"column":98}},"type":"default-arg","locations":[{"start":{"line":71,"column":93},"end":{"line":71,"column":98}}],"line":71},"11":{"loc":{"start":{"line":73,"column":2},"end":{"line":80,"column":3}},"type":"if","locations":[{"start":{"line":73,"column":2},"end":{"line":80,"column":3}},{"start":{"line":75,"column":9},"end":{"line":80,"column":3}}],"line":73},"12":{"loc":{"start":{"line":75,"column":9},"end":{"line":80,"column":3}},"type":"if","locations":[{"start":{"line":75,"column":9},"end":{"line":80,"column":3}},{"start":{"line":77,"column":9},"end":{"line":80,"column":3}}],"line":75},"13":{"loc":{"start":{"line":106,"column":2},"end":{"line":117,"column":3}},"type":"if","locations":[{"start":{"line":106,"column":2},"end":{"line":117,"column":3}},{"start":{"line":109,"column":9},"end":{"line":117,"column":3}}],"line":106},"14":{"loc":{"start":{"line":106,"column":6},"end":{"line":106,"column":59}},"type":"binary-expr","locations":[{"start":{"line":106,"column":6},"end":{"line":106,"column":38}},{"start":{"line":106,"column":42},"end":{"line":106,"column":59}}],"line":106},"15":{"loc":{"start":{"line":109,"column":9},"end":{"line":117,"column":3}},"type":"if","locations":[{"start":{"line":109,"column":9},"end":{"line":117,"column":3}},{"start":{},"end":{}}],"line":109},"16":{"loc":{"start":{"line":110,"column":4},"end":{"line":116,"column":5}},"type":"if","locations":[{"start":{"line":110,"column":4},"end":{"line":116,"column":5}},{"start":{"line":113,"column":11},"end":{"line":116,"column":5}}],"line":110}},"s":{"0":1,"1":1,"2":1,"3":1,"4":1,"5":1,"6":3,"7":3,"8":1,"9":2,"10":1,"11":3,"12":1,"13":3,"14":2,"15":1,"16":1,"17":0,"18":0,"19":3,"20":1,"21":3,"22":3,"23":3,"24":0,"25":0,"26":3,"27":3,"28":1,"29":1,"30":2,"31":2,"32":3,"33":1},"f":{"0":3,"1":3,"2":3},"b":{"0":[0],"1":[0],"2":[0],"3":[1,2],"4":[3,2],"5":[1,1],"6":[2,1],"7":[3],"8":[0],"9":[0],"10":[0],"11":[2,1],"12":[1,0],"13":[0,3],"14":[3,1],"15":[3,0],"16":[1,2]},"_coverageSchema":"1a1c01bbd47fc00a2c39e90264f33305004495a9","hash":"7a55afcab3152df3dfb853737297f62aaf69d83c"}
}
