TN:
SF:Amar.js
FN:49,(anonymous_0)
FN:71,(anonymous_1)
FN:97,(anonymous_2)
FNF:3
FNH:3
FNDA:3,(anonymous_0)
FNDA:3,(anonymous_1)
FNDA:3,(anonymous_2)
DA:1,1
DA:2,1
DA:3,1
DA:4,1
DA:6,1
DA:49,1
DA:50,3
DA:51,3
DA:52,1
DA:53,2
DA:54,1
DA:56,3
DA:71,1
DA:73,3
DA:74,2
DA:75,1
DA:76,1
DA:78,0
DA:79,0
DA:81,3
DA:97,1
DA:98,3
DA:104,3
DA:106,3
DA:107,0
DA:108,0
DA:109,3
DA:110,3
DA:111,1
DA:112,1
DA:114,2
DA:115,2
DA:118,3
DA:125,1
LF:34
LH:30
BRDA:49,0,0,0
BRDA:49,1,0,0
BRDA:49,2,0,0
BRDA:51,3,0,1
BRDA:51,3,1,2
BRDA:51,4,0,3
BRDA:51,4,1,2
BRDA:53,5,0,1
BRDA:53,5,1,1
BRDA:53,6,0,2
BRDA:53,6,1,1
BRDA:71,7,0,3
BRDA:71,8,0,0
BRDA:71,9,0,0
BRDA:71,10,0,0
BRDA:73,11,0,2
BRDA:73,11,1,1
BRDA:75,12,0,1
BRDA:75,12,1,0
BRDA:106,13,0,0
BRDA:106,13,1,3
BRDA:106,14,0,3
BRDA:106,14,1,1
BRDA:109,15,0,3
BRDA:109,15,1,0
BRDA:110,16,0,1
BRDA:110,16,1,2
BRF:27
BRH:18
end_of_record
